[debug] [2024-10-22T08:06:09.926Z] ----------------------------------------------------------------------
[debug] [2024-10-22T08:06:09.929Z] Command:       C:\Program Files\nodejs\node.exe C:\Users\rahul\AppData\Roaming\npm\node_modules\firebase-tools\lib\bin\firebase.js hosting:sites:create app.velvetlife.in
[debug] [2024-10-22T08:06:09.929Z] CLI Version:   13.20.2
[debug] [2024-10-22T08:06:09.929Z] Platform:      win32
[debug] [2024-10-22T08:06:09.929Z] Node Version:  v20.16.0
[debug] [2024-10-22T08:06:09.930Z] Time:          Tue Oct 22 2024 13:36:09 GMT+0530 (India Standard Time)
[debug] [2024-10-22T08:06:09.930Z] ----------------------------------------------------------------------
[debug] 
[debug] [2024-10-22T08:06:10.008Z] > command requires scopes: ["email","openid","https://www.googleapis.com/auth/cloudplatformprojects.readonly","https://www.googleapis.com/auth/firebase","https://www.googleapis.com/auth/cloud-platform"]
[debug] [2024-10-22T08:06:10.009Z] > authorizing via signed-in user (developerbeeyond@gmail.com)
[debug] [2024-10-22T08:06:10.009Z] [iam] checking project puri-89f9e for permissions ["firebase.projects.get","firebasehosting.sites.update"]
[debug] [2024-10-22T08:06:10.011Z] Checked if tokens are valid: true, expires at: 1729586486531
[debug] [2024-10-22T08:06:10.011Z] Checked if tokens are valid: true, expires at: 1729586486531
[debug] [2024-10-22T08:06:10.012Z] >>> [apiv2][query] POST https://cloudresourcemanager.googleapis.com/v1/projects/puri-89f9e:testIamPermissions [none]
[debug] [2024-10-22T08:06:10.012Z] >>> [apiv2][(partial)header] POST https://cloudresourcemanager.googleapis.com/v1/projects/puri-89f9e:testIamPermissions x-goog-quota-user=projects/puri-89f9e
[debug] [2024-10-22T08:06:10.012Z] >>> [apiv2][body] POST https://cloudresourcemanager.googleapis.com/v1/projects/puri-89f9e:testIamPermissions {"permissions":["firebase.projects.get","firebasehosting.sites.update"]}
[debug] [2024-10-22T08:06:11.537Z] <<< [apiv2][status] POST https://cloudresourcemanager.googleapis.com/v1/projects/puri-89f9e:testIamPermissions 200
[debug] [2024-10-22T08:06:11.537Z] <<< [apiv2][body] POST https://cloudresourcemanager.googleapis.com/v1/projects/puri-89f9e:testIamPermissions {"permissions":["firebase.projects.get","firebasehosting.sites.update"]}
[debug] [2024-10-22T08:06:11.538Z] Checked if tokens are valid: true, expires at: 1729586486531
[debug] [2024-10-22T08:06:11.538Z] Checked if tokens are valid: true, expires at: 1729586486531
[debug] [2024-10-22T08:06:11.539Z] >>> [apiv2][query] GET https://firebase.googleapis.com/v1beta1/projects/puri-89f9e [none]
[debug] [2024-10-22T08:06:12.041Z] <<< [apiv2][status] GET https://firebase.googleapis.com/v1beta1/projects/puri-89f9e 200
[debug] [2024-10-22T08:06:12.042Z] <<< [apiv2][body] GET https://firebase.googleapis.com/v1beta1/projects/puri-89f9e {"projectId":"puri-89f9e","projectNumber":"251248602302","displayName":"Puri","name":"projects/puri-89f9e","resources":{"hostingSite":"puri-89f9e","realtimeDatabaseInstance":"puri-89f9e-default-rtdb","storageBucket":"puri-89f9e.appspot.com","locationId":"asia-south1"},"state":"ACTIVE","etag":"1_c14e60a0-66fe-494b-a375-a2f030eb32f2"}
[debug] [2024-10-22T08:06:12.043Z] Checked if tokens are valid: true, expires at: 1729586486531
[debug] [2024-10-22T08:06:12.044Z] Checked if tokens are valid: true, expires at: 1729586486531
[debug] [2024-10-22T08:06:12.046Z] >>> [apiv2][query] POST https://firebasehosting.googleapis.com/v1beta1/projects/251248602302/sites siteId=app.velvetlife.in
[debug] [2024-10-22T08:06:12.047Z] >>> [apiv2][body] POST https://firebasehosting.googleapis.com/v1beta1/projects/251248602302/sites {"appId":""}
[debug] [2024-10-22T08:06:13.071Z] <<< [apiv2][status] POST https://firebasehosting.googleapis.com/v1beta1/projects/251248602302/sites 400
[debug] [2024-10-22T08:06:13.072Z] <<< [apiv2][body] POST https://firebasehosting.googleapis.com/v1beta1/projects/251248602302/sites {"error":{"code":400,"message":"Invalid name: `app.velvetlife.in` is invalid; try something like `app-velvetlife-in-fd47f` instead","status":"INVALID_ARGUMENT"}}
[warn] !  Invalid name: `app.velvetlife.in` is invalid; try something like `app-velvetlife-in-fd47f` instead 
